CRITICAL - 2026-03-03 08:23:32 --> ErrorException: Undefined variable $variabelTidakAda
[Method: GET, Route: /]
in APPPATH\Controllers\Home.php on line 9.
 1 APPPATH\Controllers\Home.php(9): CodeIgniter\Debug\Exceptions->errorHandler(2, 'Undefined variable $variabelTidakAda', 'C:\\Users\\evivi\\Downloads\\xampp_baru\\htdocs\\lab11_ci\\ci4\\app\\Controllers\\Home.php', 9)
 2 SYSTEMPATH\CodeIgniter.php(951): App\Controllers\Home->index()
 3 SYSTEMPATH\CodeIgniter.php(497): CodeIgniter\CodeIgniter->runController(Object(App\Controllers\Home))
 4 SYSTEMPATH\CodeIgniter.php(340): CodeIgniter\CodeIgniter->handleRequest(null, Object(Config\Cache), false)
 5 SYSTEMPATH\Boot.php(417): CodeIgniter\CodeIgniter->run()
 6 SYSTEMPATH\Boot.php(68): CodeIgniter\Boot::runCodeIgniter(Object(CodeIgniter\CodeIgniter))
 7 FCPATH\index.php(59): CodeIgniter\Boot::bootWeb(Object(Config\Paths))
 8 SYSTEMPATH\rewrite.php(44): require_once('C:\\Users\\evivi\\Downloads\\xampp_baru\\htdocs\\lab11_ci\\ci4\\public\\index.php')
CRITICAL - 2026-03-03 08:24:03 --> ErrorException: Undefined variable $variabelTidakAda
[Method: GET, Route: /]
in APPPATH\Controllers\Home.php on line 9.
 1 APPPATH\Controllers\Home.php(9): CodeIgniter\Debug\Exceptions->errorHandler(2, 'Undefined variable $variabelTidakAda', 'C:\\Users\\evivi\\Downloads\\xampp_baru\\htdocs\\lab11_ci\\ci4\\app\\Controllers\\Home.php', 9)
 2 SYSTEMPATH\CodeIgniter.php(951): App\Controllers\Home->index()
 3 SYSTEMPATH\CodeIgniter.php(497): CodeIgniter\CodeIgniter->runController(Object(App\Controllers\Home))
 4 SYSTEMPATH\CodeIgniter.php(340): CodeIgniter\CodeIgniter->handleRequest(null, Object(Config\Cache), false)
 5 SYSTEMPATH\Boot.php(417): CodeIgniter\CodeIgniter->run()
 6 SYSTEMPATH\Boot.php(68): CodeIgniter\Boot::runCodeIgniter(Object(CodeIgniter\CodeIgniter))
 7 FCPATH\index.php(59): CodeIgniter\Boot::bootWeb(Object(Config\Paths))
 8 SYSTEMPATH\rewrite.php(44): require_once('C:\\Users\\evivi\\Downloads\\xampp_baru\\htdocs\\lab11_ci\\ci4\\public\\index.php')
CRITICAL - 2026-03-03 08:58:37 --> ErrorException: Undefined variable $variabelTidakAda
[Method: GET, Route: /]
in APPPATH\Controllers\Home.php on line 9.
 1 APPPATH\Controllers\Home.php(9): CodeIgniter\Debug\Exceptions->errorHandler(2, 'Undefined variable $variabelTidakAda', 'C:\\Users\\evivi\\Downloads\\xampp_baru\\htdocs\\lab11_ci\\ci4\\app\\Controllers\\Home.php', 9)
 2 SYSTEMPATH\CodeIgniter.php(951): App\Controllers\Home->index()
 3 SYSTEMPATH\CodeIgniter.php(497): CodeIgniter\CodeIgniter->runController(Object(App\Controllers\Home))
 4 SYSTEMPATH\CodeIgniter.php(340): CodeIgniter\CodeIgniter->handleRequest(null, Object(Config\Cache), false)
 5 SYSTEMPATH\Boot.php(417): CodeIgniter\CodeIgniter->run()
 6 SYSTEMPATH\Boot.php(68): CodeIgniter\Boot::runCodeIgniter(Object(CodeIgniter\CodeIgniter))
 7 FCPATH\index.php(59): CodeIgniter\Boot::bootWeb(Object(Config\Paths))
 8 SYSTEMPATH\rewrite.php(44): require_once('C:\\Users\\evivi\\Downloads\\xampp_baru\\htdocs\\lab11_ci\\ci4\\public\\index.php')
CRITICAL - 2026-03-03 14:45:43 --> ErrorException: Undefined variable $variabelTidakAda
[Method: GET, Route: /]
in APPPATH\Controllers\Home.php on line 9.
 1 APPPATH\Controllers\Home.php(9): CodeIgniter\Debug\Exceptions->errorHandler(2, 'Undefined variable $variabelTidakAda', 'C:\\Users\\evivi\\Downloads\\xampp_baru\\htdocs\\lab11_ci\\ci4\\app\\Controllers\\Home.php', 9)
 2 SYSTEMPATH\CodeIgniter.php(951): App\Controllers\Home->index()
 3 SYSTEMPATH\CodeIgniter.php(497): CodeIgniter\CodeIgniter->runController(Object(App\Controllers\Home))
 4 SYSTEMPATH\CodeIgniter.php(340): CodeIgniter\CodeIgniter->handleRequest(null, Object(Config\Cache), false)
 5 SYSTEMPATH\Boot.php(417): CodeIgniter\CodeIgniter->run()
 6 SYSTEMPATH\Boot.php(68): CodeIgniter\Boot::runCodeIgniter(Object(CodeIgniter\CodeIgniter))
 7 FCPATH\index.php(59): CodeIgniter\Boot::bootWeb(Object(Config\Paths))
CRITICAL - 2026-03-03 15:13:02 --> ParseError: syntax error, unexpected token "public", expecting end of file
[Method: GET, Route: page/tos]
in APPPATH\Controllers\page.php on line 28.
 1 SYSTEMPATH\Autoloader\Autoloader.php(295): CodeIgniter\Autoloader\Autoloader->includeFile('C:\\Users\\evivi\\Downloads\\xampp_baru\\htdocs\\lab11_ci\\ci4\\app\\Controllers\\Page.php')
 2 SYSTEMPATH\Autoloader\Autoloader.php(271): CodeIgniter\Autoloader\Autoloader->loadInNamespace('App\\Controllers\\Page')
 3 [internal function]: CodeIgniter\Autoloader\Autoloader->loadClass('App\\Controllers\\Page')
 4 SYSTEMPATH\Router\AutoRouterImproved.php(174): class_exists('\\App\\Controllers\\Page')
 5 SYSTEMPATH\Router\AutoRouterImproved.php(282): CodeIgniter\Router\AutoRouterImproved->searchFirstController()
 6 SYSTEMPATH\Router\Router.php(594): CodeIgniter\Router\AutoRouterImproved->getRoute('page/tos', 'get')
 7 SYSTEMPATH\Router\Router.php(245): CodeIgniter\Router\Router->autoRoute('page/tos')
 8 SYSTEMPATH\CodeIgniter.php(829): CodeIgniter\Router\Router->handle('page/tos')
 9 SYSTEMPATH\CodeIgniter.php(441): CodeIgniter\CodeIgniter->tryToRouteIt(Object(CodeIgniter\Router\RouteCollection))
10 SYSTEMPATH\CodeIgniter.php(340): CodeIgniter\CodeIgniter->handleRequest(null, Object(Config\Cache), false)
11 SYSTEMPATH\Boot.php(417): CodeIgniter\CodeIgniter->run()
12 SYSTEMPATH\Boot.php(68): CodeIgniter\Boot::runCodeIgniter(Object(CodeIgniter\CodeIgniter))
13 FCPATH\index.php(59): CodeIgniter\Boot::bootWeb(Object(Config\Paths))
14 SYSTEMPATH\rewrite.php(44): require_once('C:\\Users\\evivi\\Downloads\\xampp_baru\\htdocs\\lab11_ci\\ci4\\public\\index.php')
CRITICAL - 2026-03-03 15:13:32 --> ParseError: syntax error, unexpected token "public", expecting end of file
[Method: GET, Route: page/tos]
in APPPATH\Controllers\page.php on line 28.
 1 SYSTEMPATH\Autoloader\Autoloader.php(295): CodeIgniter\Autoloader\Autoloader->includeFile('C:\\Users\\evivi\\Downloads\\xampp_baru\\htdocs\\lab11_ci\\ci4\\app\\Controllers\\Page.php')
 2 SYSTEMPATH\Autoloader\Autoloader.php(271): CodeIgniter\Autoloader\Autoloader->loadInNamespace('App\\Controllers\\Page')
 3 [internal function]: CodeIgniter\Autoloader\Autoloader->loadClass('App\\Controllers\\Page')
 4 SYSTEMPATH\Router\AutoRouterImproved.php(174): class_exists('\\App\\Controllers\\Page')
 5 SYSTEMPATH\Router\AutoRouterImproved.php(282): CodeIgniter\Router\AutoRouterImproved->searchFirstController()
 6 SYSTEMPATH\Router\Router.php(594): CodeIgniter\Router\AutoRouterImproved->getRoute('page/tos', 'get')
 7 SYSTEMPATH\Router\Router.php(245): CodeIgniter\Router\Router->autoRoute('page/tos')
 8 SYSTEMPATH\CodeIgniter.php(829): CodeIgniter\Router\Router->handle('page/tos')
 9 SYSTEMPATH\CodeIgniter.php(441): CodeIgniter\CodeIgniter->tryToRouteIt(Object(CodeIgniter\Router\RouteCollection))
10 SYSTEMPATH\CodeIgniter.php(340): CodeIgniter\CodeIgniter->handleRequest(null, Object(Config\Cache), false)
11 SYSTEMPATH\Boot.php(417): CodeIgniter\CodeIgniter->run()
12 SYSTEMPATH\Boot.php(68): CodeIgniter\Boot::runCodeIgniter(Object(CodeIgniter\CodeIgniter))
13 FCPATH\index.php(59): CodeIgniter\Boot::bootWeb(Object(Config\Paths))
14 SYSTEMPATH\rewrite.php(44): require_once('C:\\Users\\evivi\\Downloads\\xampp_baru\\htdocs\\lab11_ci\\ci4\\public\\index.php')
CRITICAL - 2026-03-03 15:21:37 --> CodeIgniter\View\Exceptions\ViewException: Invalid file: "about.php"
[Method: GET, Route: about]
in SYSTEMPATH\Exceptions\FrameworkException.php on line 39.
 1 SYSTEMPATH\View\View.php(226): CodeIgniter\Exceptions\FrameworkException::forInvalidFile('about.php')
 2 SYSTEMPATH\Common.php(1250): CodeIgniter\View\View->render('about', [], true)
 3 APPPATH\Controllers\page.php(8): view('about', [...])
 4 SYSTEMPATH\CodeIgniter.php(951): App\Controllers\Page->about()
 5 SYSTEMPATH\CodeIgniter.php(497): CodeIgniter\CodeIgniter->runController(Object(App\Controllers\Page))
 6 SYSTEMPATH\CodeIgniter.php(340): CodeIgniter\CodeIgniter->handleRequest(null, Object(Config\Cache), false)
 7 SYSTEMPATH\Boot.php(417): CodeIgniter\CodeIgniter->run()
 8 SYSTEMPATH\Boot.php(68): CodeIgniter\Boot::runCodeIgniter(Object(CodeIgniter\CodeIgniter))
 9 FCPATH\index.php(59): CodeIgniter\Boot::bootWeb(Object(Config\Paths))
CRITICAL - 2026-03-03 15:22:10 --> ParseError: syntax error, unexpected token "public", expecting end of file
[Method: GET, Route: about]
in APPPATH\Controllers\page.php on line 28.
 1 SYSTEMPATH\Autoloader\Autoloader.php(295): CodeIgniter\Autoloader\Autoloader->includeFile('C:\\Users\\evivi\\Downloads\\xampp_baru\\htdocs\\lab11_ci\\ci4\\app\\Controllers\\Page.php')
 2 SYSTEMPATH\Autoloader\Autoloader.php(271): CodeIgniter\Autoloader\Autoloader->loadInNamespace('App\\Controllers\\Page')
 3 [internal function]: CodeIgniter\Autoloader\Autoloader->loadClass('App\\Controllers\\Page')
 4 SYSTEMPATH\Router\Router.php(792): class_exists('\\App\\Controllers\\Page')
 5 SYSTEMPATH\Router\Router.php(230): CodeIgniter\Router\Router->processRouteAttributes()
 6 SYSTEMPATH\CodeIgniter.php(829): CodeIgniter\Router\Router->handle('about')
 7 SYSTEMPATH\CodeIgniter.php(441): CodeIgniter\CodeIgniter->tryToRouteIt(Object(CodeIgniter\Router\RouteCollection))
 8 SYSTEMPATH\CodeIgniter.php(340): CodeIgniter\CodeIgniter->handleRequest(null, Object(Config\Cache), false)
 9 SYSTEMPATH\Boot.php(417): CodeIgniter\CodeIgniter->run()
10 SYSTEMPATH\Boot.php(68): CodeIgniter\Boot::runCodeIgniter(Object(CodeIgniter\CodeIgniter))
11 FCPATH\index.php(59): CodeIgniter\Boot::bootWeb(Object(Config\Paths))
CRITICAL - 2026-03-03 15:22:11 --> ParseError: syntax error, unexpected token "public", expecting end of file
[Method: GET, Route: about]
in APPPATH\Controllers\page.php on line 28.
 1 SYSTEMPATH\Autoloader\Autoloader.php(295): CodeIgniter\Autoloader\Autoloader->includeFile('C:\\Users\\evivi\\Downloads\\xampp_baru\\htdocs\\lab11_ci\\ci4\\app\\Controllers\\Page.php')
 2 SYSTEMPATH\Autoloader\Autoloader.php(271): CodeIgniter\Autoloader\Autoloader->loadInNamespace('App\\Controllers\\Page')
 3 [internal function]: CodeIgniter\Autoloader\Autoloader->loadClass('App\\Controllers\\Page')
 4 SYSTEMPATH\Router\Router.php(792): class_exists('\\App\\Controllers\\Page')
 5 SYSTEMPATH\Router\Router.php(230): CodeIgniter\Router\Router->processRouteAttributes()
 6 SYSTEMPATH\CodeIgniter.php(829): CodeIgniter\Router\Router->handle('about')
 7 SYSTEMPATH\CodeIgniter.php(441): CodeIgniter\CodeIgniter->tryToRouteIt(Object(CodeIgniter\Router\RouteCollection))
 8 SYSTEMPATH\CodeIgniter.php(340): CodeIgniter\CodeIgniter->handleRequest(null, Object(Config\Cache), false)
 9 SYSTEMPATH\Boot.php(417): CodeIgniter\CodeIgniter->run()
10 SYSTEMPATH\Boot.php(68): CodeIgniter\Boot::runCodeIgniter(Object(CodeIgniter\CodeIgniter))
11 FCPATH\index.php(59): CodeIgniter\Boot::bootWeb(Object(Config\Paths))
CRITICAL - 2026-03-03 15:24:55 --> ParseError: syntax error, unexpected token "public", expecting end of file
[Method: GET, Route: page/tos]
in APPPATH\Controllers\page.php on line 28.
 1 SYSTEMPATH\Autoloader\Autoloader.php(295): CodeIgniter\Autoloader\Autoloader->includeFile('C:\\Users\\evivi\\Downloads\\xampp_baru\\htdocs\\lab11_ci\\ci4\\app\\Controllers\\Page.php')
 2 SYSTEMPATH\Autoloader\Autoloader.php(271): CodeIgniter\Autoloader\Autoloader->loadInNamespace('App\\Controllers\\Page')
 3 [internal function]: CodeIgniter\Autoloader\Autoloader->loadClass('App\\Controllers\\Page')
 4 SYSTEMPATH\Router\AutoRouterImproved.php(174): class_exists('\\App\\Controllers\\Page')
 5 SYSTEMPATH\Router\AutoRouterImproved.php(282): CodeIgniter\Router\AutoRouterImproved->searchFirstController()
 6 SYSTEMPATH\Router\Router.php(594): CodeIgniter\Router\AutoRouterImproved->getRoute('page/tos', 'get')
 7 SYSTEMPATH\Router\Router.php(245): CodeIgniter\Router\Router->autoRoute('page/tos')
 8 SYSTEMPATH\CodeIgniter.php(829): CodeIgniter\Router\Router->handle('page/tos')
 9 SYSTEMPATH\CodeIgniter.php(441): CodeIgniter\CodeIgniter->tryToRouteIt(Object(CodeIgniter\Router\RouteCollection))
10 SYSTEMPATH\CodeIgniter.php(340): CodeIgniter\CodeIgniter->handleRequest(null, Object(Config\Cache), false)
11 SYSTEMPATH\Boot.php(417): CodeIgniter\CodeIgniter->run()
12 SYSTEMPATH\Boot.php(68): CodeIgniter\Boot::runCodeIgniter(Object(CodeIgniter\CodeIgniter))
13 FCPATH\index.php(59): CodeIgniter\Boot::bootWeb(Object(Config\Paths))
14 SYSTEMPATH\rewrite.php(44): require_once('C:\\Users\\evivi\\Downloads\\xampp_baru\\htdocs\\lab11_ci\\ci4\\public\\index.php')
CRITICAL - 2026-03-03 15:27:07 --> ParseError: syntax error, unexpected token "public", expecting end of file
[Method: GET, Route: page/tos]
in APPPATH\Controllers\page.php on line 28.
 1 SYSTEMPATH\Autoloader\Autoloader.php(295): CodeIgniter\Autoloader\Autoloader->includeFile('C:\\Users\\evivi\\Downloads\\xampp_baru\\htdocs\\lab11_ci\\ci4\\app\\Controllers\\Page.php')
 2 SYSTEMPATH\Autoloader\Autoloader.php(271): CodeIgniter\Autoloader\Autoloader->loadInNamespace('App\\Controllers\\Page')
 3 [internal function]: CodeIgniter\Autoloader\Autoloader->loadClass('App\\Controllers\\Page')
 4 SYSTEMPATH\Router\AutoRouterImproved.php(174): class_exists('\\App\\Controllers\\Page')
 5 SYSTEMPATH\Router\AutoRouterImproved.php(282): CodeIgniter\Router\AutoRouterImproved->searchFirstController()
 6 SYSTEMPATH\Router\Router.php(594): CodeIgniter\Router\AutoRouterImproved->getRoute('page/tos', 'get')
 7 SYSTEMPATH\Router\Router.php(245): CodeIgniter\Router\Router->autoRoute('page/tos')
 8 SYSTEMPATH\CodeIgniter.php(829): CodeIgniter\Router\Router->handle('page/tos')
 9 SYSTEMPATH\CodeIgniter.php(441): CodeIgniter\CodeIgniter->tryToRouteIt(Object(CodeIgniter\Router\RouteCollection))
10 SYSTEMPATH\CodeIgniter.php(340): CodeIgniter\CodeIgniter->handleRequest(null, Object(Config\Cache), false)
11 SYSTEMPATH\Boot.php(417): CodeIgniter\CodeIgniter->run()
12 SYSTEMPATH\Boot.php(68): CodeIgniter\Boot::runCodeIgniter(Object(CodeIgniter\CodeIgniter))
13 FCPATH\index.php(59): CodeIgniter\Boot::bootWeb(Object(Config\Paths))
14 SYSTEMPATH\rewrite.php(44): require_once('C:\\Users\\evivi\\Downloads\\xampp_baru\\htdocs\\lab11_ci\\ci4\\public\\index.php')
